Port: 2155
Read permission for others on for file public/index.html.
Port: 2155
File not found: public/favicon.ico.
Port: 2155
Read permission for others off for file public/readoff.html.
Port: 2155
File not found: public/favicon.ico.
Port: 2155
Read permission for others on for file public/cs316post.html.
Port: 2155
File not found: public/favicon.ico.
Port: 2155
Port: 2155
File not found: public/favicon.ico.
Port: 2155
File not found: public/favicon.ico.
Port: 2155
Read permission for others on for file public/cs316get.html.
Port: 2155
File not found: public/favicon.ico.
Port: 2155
File not found: public/favicon.ico.
Port: 2155
Error detected. Error message: ERROR reading from socket in httpthread
Port: 2155
Error detected. Error message: ERROR reading from socket in httpthread
Port: 2155
Port: 2155
File not found: public/favicon.ico.
Port: 2155
File not found: public/favicon.ico.
Port: 2155
File not found: public/favicon.ico.
Port: 2155
Error detected. Error message: ERROR reading from socket in httpthread
Port: 2155
File not found: public/favicon.ico.
Port: 2155
Read permission for others off for file public/readoff.html.
Port: 2155
File not found: public/favicon.ico.
Port: 2155
Read permission for others on for file public/.
Port: 2155
File not found: public/favicon.ico.
Port: 2155
Read permission for others on for file public/index.html.
Port: 2155
File not found: public/favicon.ico.
Port: 2155
Read permission for others on for file public/cs316get.html.
Port: 2155
File not found: public/favicon.ico.
Port: 2155
File not found: public/favicon.ico.
Port: 2155
File not found: public/favicon.ico.
Port: 2155
Error detected. Error message: ERROR reading from socket in httpthread
Port: 2155
Read permission for others on for file public/cs316get.html.
Port: 2155
File not found: public/favicon.ico.
Port: 2155
Read permission for others off for file public/readoff.html.
Port: 2155
File not found: public/favicon.ico.
Port: 2155
File not found: public/favicon.ico.
Port: 2155
Read permission for others on for file public/cs316post.html.
Port: 2155
File not found: public/favicon.ico.
Port: 2155
Port: 2155
File not found: public/favicon.ico.
Port: 2155
Read permission for others on for file public/cs316get.html.
Port: 2155
File not found: public/favicon.ico.
Port: 2155
Read permission for others on for file public/cs316get.html.
Port: 2155
File not found: public/favicon.ico.
Port: 2155
Error detected. Error message: ERROR reading from socket in httpthread
Port: 2155
Read permission for others on for file public/cs316get.html.
Port: 2155
File not found: public/favicon.ico.
